<?xml version="1.0" encoding="UTF-8"?>
<!-- Generated by org.testng.reporters.JUnitReportReporter -->
<testsuite hostname="SZPC1854" name="com.morningstar.Fund.TestRunner.TestNGSample" tests="17" failures="0" timestamp="24 Jun 2014 06:13:39 GMT" time="0.000" errors="0">
  <testcase name="getShuXiang" time="0.000" classname="com.morningstar.Fund.TestRunner.TestNGSample"/>
  <testcase name="getShuXiang" time="0.000" classname="com.morningstar.Fund.TestRunner.TestNGSample"/>
  <testcase name="getShuXiang" time="0.000" classname="com.morningstar.Fund.TestRunner.TestNGSample"/>
  <testcase name="getShuXiang" time="0.000" classname="com.morningstar.Fund.TestRunner.TestNGSample"/>
  <testcase name="getShuXiang" time="0.000" classname="com.morningstar.Fund.TestRunner.TestNGSample"/>
  <testcase name="getShuXiang" time="0.000" classname="com.morningstar.Fund.TestRunner.TestNGSample"/>
  <testcase name="getShuXiang" time="0.000" classname="com.morningstar.Fund.TestRunner.TestNGSample"/>
  <testcase name="getShuXiang" time="0.000" classname="com.morningstar.Fund.TestRunner.TestNGSample"/>
  <testcase name="getShuXiang" time="0.000" classname="com.morningstar.Fund.TestRunner.TestNGSample"/>
  <testcase name="getShuXiang" time="0.000" classname="com.morningstar.Fund.TestRunner.TestNGSample"/>
  <testcase name="getShuList" time="0.000" classname="com.morningstar.Fund.TestRunner.TestNGSample"/>
  <testcase name="getShuList" time="0.000" classname="com.morningstar.Fund.TestRunner.TestNGSample"/>
  <testcase name="getShuXiang" time="0.000" classname="com.morningstar.Fund.TestRunner.TestNGSample"/>
  <testcase name="getShuList" time="0.000" classname="com.morningstar.Fund.TestRunner.TestNGSample"/>
  <testcase name="getShuXiang" time="0.000" classname="com.morningstar.Fund.TestRunner.TestNGSample"/>
  <testcase name="getShuXiang" time="0.000" classname="com.morningstar.Fund.TestRunner.TestNGSample"/>
  <testcase name="getShuList" time="0.000" classname="com.morningstar.Fund.TestRunner.TestNGSample"/>
</testsuite> <!-- com.morningstar.Fund.TestRunner.TestNGSample -->
