<?xml version="1.0" encoding="UTF-8"?>
<!-- Generated by org.testng.reporters.JUnitReportReporter -->
<testsuite hostname="SZPC1854" name="com.morningstar.Fund.TestRunner.TestNGSample1" tests="5" failures="0" timestamp="24 Jun 2014 05:37:10 GMT" time="0.030" errors="0">
  <testcase name="testIsBetween" time="0.020" classname="com.morningstar.Fund.TestRunner.TestNGSample1"/>
  <testcase name="testIsBetween" time="0.000" classname="com.morningstar.Fund.TestRunner.TestNGSample1"/>
  <testcase name="testIsBetween" time="0.000" classname="com.morningstar.Fund.TestRunner.TestNGSample1"/>
  <testcase name="testIsBetween" time="0.000" classname="com.morningstar.Fund.TestRunner.TestNGSample1"/>
  <testcase name="testIsBetween" time="0.010" classname="com.morningstar.Fund.TestRunner.TestNGSample1"/>
</testsuite> <!-- com.morningstar.Fund.TestRunner.TestNGSample1 -->
